INFO 2026-03-03 21:04:54,162 [_config.py:<module>:92]
No custom team name replacements found. You can configure these in C:\Users\finnb\PycharmProjects\BundesLigaPlayerAverageAgeMetrics\.soccerdata_cache\config\teamname_replacements.json.

INFO 2026-03-03 21:04:54,168 [_config.py:<module>:198]
No custom league dict found. You can configure additional leagues in C:\Users\finnb\PycharmProjects\BundesLigaPlayerAverageAgeMetrics\.soccerdata_cache\config\league_dict.json.

INFO 2026-03-03 21:04:54,183 [_common.py:__init__:249]
Saving cached data to C:\Users\finnb\PycharmProjects\BundesLigaPlayerAverageAgeMetrics\.soccerdata_cache\data\FBref

INFO 2026-03-03 21:04:54,185 [libraries.py:load:435]
Downloading required library version v1.13.1...

INFO 2026-03-03 21:04:54,186 [libraries.py:download:314]
System Info - Platform: windows, Machine: amd64, File Ext : dll.

INFO 2026-03-03 21:04:55,208 [libraries.py:export_config:193]
Saved release config to C:\Users\finnb\PycharmProjects\BundesLigaPlayerAverageAgeMetrics\.venv\Lib\site-packages\tls_requests\bin\release.json

INFO 2026-03-03 21:04:55,212 [libraries.py:fetch_api:239]
Fetched release data from GitHub API.

INFO 2026-03-03 21:04:55,214 [libraries.py:download:328]
Trying to download library from: https://github.com/bogdanfinn/tls-client/releases/download/v1.13.1/tls-client-xgo-1.13.1-windows-amd64.dll

INFO 2026-03-03 21:05:04,630 [libraries.py:_load_library:397]
Successfully loaded TLS library: C:\Users\finnb\PycharmProjects\BundesLigaPlayerAverageAgeMetrics\.venv\Lib\site-packages\tls_requests\bin\tls-client-xgo-1.13.1-windows-amd64.dll

ERROR 2026-03-03 21:05:11,908 [_common.py:_download_and_save:526]
Error while scraping https://fbref.com/en/comps/. Retrying... (attempt 1 of 5).
Traceback (most recent call last):
  File "C:\Users\finnb\PycharmProjects\BundesLigaPlayerAverageAgeMetrics\.venv\Lib\site-packages\soccerdata\_common.py", line 506, in _download_and_save
    response.raise_for_status()
    ~~~~~~~~~~~~~~~~~~~~~~~~~^^
  File "C:\Users\finnb\PycharmProjects\BundesLigaPlayerAverageAgeMetrics\.venv\Lib\site-packages\tls_requests\models\response.py", line 207, in raise_for_status
    raise HTTPError(
    ...<6 lines>...
    )
tls_requests.exceptions.HTTPError: 403 Client Error: Forbidden for url: https://fbref.com/en/comps/
ERROR 2026-03-03 21:05:19,583 [_common.py:_download_and_save:526]
Error while scraping https://fbref.com/en/comps/. Retrying... (attempt 2 of 5).
Traceback (most recent call last):
  File "C:\Users\finnb\PycharmProjects\BundesLigaPlayerAverageAgeMetrics\.venv\Lib\site-packages\soccerdata\_common.py", line 506, in _download_and_save
    response.raise_for_status()
    ~~~~~~~~~~~~~~~~~~~~~~~~~^^
  File "C:\Users\finnb\PycharmProjects\BundesLigaPlayerAverageAgeMetrics\.venv\Lib\site-packages\tls_requests\models\response.py", line 207, in raise_for_status
    raise HTTPError(
    ...<6 lines>...
    )
tls_requests.exceptions.HTTPError: 403 Client Error: Forbidden for url: https://fbref.com/en/comps/
ERROR 2026-03-03 21:05:26,752 [_common.py:_download_and_save:526]
Error while scraping https://fbref.com/en/comps/. Retrying... (attempt 3 of 5).
Traceback (most recent call last):
  File "C:\Users\finnb\PycharmProjects\BundesLigaPlayerAverageAgeMetrics\.venv\Lib\site-packages\soccerdata\_common.py", line 506, in _download_and_save
    response.raise_for_status()
    ~~~~~~~~~~~~~~~~~~~~~~~~~^^
  File "C:\Users\finnb\PycharmProjects\BundesLigaPlayerAverageAgeMetrics\.venv\Lib\site-packages\tls_requests\models\response.py", line 207, in raise_for_status
    raise HTTPError(
    ...<6 lines>...
    )
tls_requests.exceptions.HTTPError: 403 Client Error: Forbidden for url: https://fbref.com/en/comps/
ERROR 2026-03-03 21:05:33,946 [_common.py:_download_and_save:526]
Error while scraping https://fbref.com/en/comps/. Retrying... (attempt 4 of 5).
Traceback (most recent call last):
  File "C:\Users\finnb\PycharmProjects\BundesLigaPlayerAverageAgeMetrics\.venv\Lib\site-packages\soccerdata\_common.py", line 506, in _download_and_save
    response.raise_for_status()
    ~~~~~~~~~~~~~~~~~~~~~~~~~^^
  File "C:\Users\finnb\PycharmProjects\BundesLigaPlayerAverageAgeMetrics\.venv\Lib\site-packages\tls_requests\models\response.py", line 207, in raise_for_status
    raise HTTPError(
    ...<6 lines>...
    )
tls_requests.exceptions.HTTPError: 403 Client Error: Forbidden for url: https://fbref.com/en/comps/
ERROR 2026-03-03 21:05:41,115 [_common.py:_download_and_save:526]
Error while scraping https://fbref.com/en/comps/. Retrying... (attempt 5 of 5).
Traceback (most recent call last):
  File "C:\Users\finnb\PycharmProjects\BundesLigaPlayerAverageAgeMetrics\.venv\Lib\site-packages\soccerdata\_common.py", line 506, in _download_and_save
    response.raise_for_status()
    ~~~~~~~~~~~~~~~~~~~~~~~~~^^
  File "C:\Users\finnb\PycharmProjects\BundesLigaPlayerAverageAgeMetrics\.venv\Lib\site-packages\tls_requests\models\response.py", line 207, in raise_for_status
    raise HTTPError(
    ...<6 lines>...
    )
tls_requests.exceptions.HTTPError: 403 Client Error: Forbidden for url: https://fbref.com/en/comps/
INFO 2026-03-03 21:24:17,634 [_config.py:<module>:92]
No custom team name replacements found. You can configure these in C:\Users\finnb\PycharmProjects\BundesLigaPlayerAverageAgeMetrics\.soccerdata_cache\config\teamname_replacements.json.

INFO 2026-03-03 21:24:17,639 [_config.py:<module>:198]
No custom league dict found. You can configure additional leagues in C:\Users\finnb\PycharmProjects\BundesLigaPlayerAverageAgeMetrics\.soccerdata_cache\config\league_dict.json.

INFO 2026-03-03 21:24:17,664 [_common.py:__init__:249]
Saving cached data to C:\Users\finnb\PycharmProjects\BundesLigaPlayerAverageAgeMetrics\.soccerdata_cache\data\FBref

INFO 2026-03-03 21:24:17,668 [libraries.py:_load_library:397]
Successfully loaded TLS library: C:\Users\finnb\PycharmProjects\BundesLigaPlayerAverageAgeMetrics\.venv\Lib\site-packages\tls_requests\bin\tls-client-xgo-1.13.1-windows-amd64.dll

ERROR 2026-03-03 21:24:24,988 [_common.py:_download_and_save:526]
Error while scraping https://fbref.com/en/comps/. Retrying... (attempt 1 of 5).
Traceback (most recent call last):
  File "C:\Users\finnb\PycharmProjects\BundesLigaPlayerAverageAgeMetrics\.venv\Lib\site-packages\soccerdata\_common.py", line 506, in _download_and_save
    response.raise_for_status()
    ~~~~~~~~~~~~~~~~~~~~~~~~~^^
  File "C:\Users\finnb\PycharmProjects\BundesLigaPlayerAverageAgeMetrics\.venv\Lib\site-packages\tls_requests\models\response.py", line 207, in raise_for_status
    raise HTTPError(
    ...<6 lines>...
    )
tls_requests.exceptions.HTTPError: 403 Client Error: Forbidden for url: https://fbref.com/en/comps/
ERROR 2026-03-03 21:24:32,193 [_common.py:_download_and_save:526]
Error while scraping https://fbref.com/en/comps/. Retrying... (attempt 2 of 5).
Traceback (most recent call last):
  File "C:\Users\finnb\PycharmProjects\BundesLigaPlayerAverageAgeMetrics\.venv\Lib\site-packages\soccerdata\_common.py", line 506, in _download_and_save
    response.raise_for_status()
    ~~~~~~~~~~~~~~~~~~~~~~~~~^^
  File "C:\Users\finnb\PycharmProjects\BundesLigaPlayerAverageAgeMetrics\.venv\Lib\site-packages\tls_requests\models\response.py", line 207, in raise_for_status
    raise HTTPError(
    ...<6 lines>...
    )
tls_requests.exceptions.HTTPError: 403 Client Error: Forbidden for url: https://fbref.com/en/comps/
ERROR 2026-03-03 21:24:39,368 [_common.py:_download_and_save:526]
Error while scraping https://fbref.com/en/comps/. Retrying... (attempt 3 of 5).
Traceback (most recent call last):
  File "C:\Users\finnb\PycharmProjects\BundesLigaPlayerAverageAgeMetrics\.venv\Lib\site-packages\soccerdata\_common.py", line 506, in _download_and_save
    response.raise_for_status()
    ~~~~~~~~~~~~~~~~~~~~~~~~~^^
  File "C:\Users\finnb\PycharmProjects\BundesLigaPlayerAverageAgeMetrics\.venv\Lib\site-packages\tls_requests\models\response.py", line 207, in raise_for_status
    raise HTTPError(
    ...<6 lines>...
    )
tls_requests.exceptions.HTTPError: 403 Client Error: Forbidden for url: https://fbref.com/en/comps/
ERROR 2026-03-03 21:24:46,560 [_common.py:_download_and_save:526]
Error while scraping https://fbref.com/en/comps/. Retrying... (attempt 4 of 5).
Traceback (most recent call last):
  File "C:\Users\finnb\PycharmProjects\BundesLigaPlayerAverageAgeMetrics\.venv\Lib\site-packages\soccerdata\_common.py", line 506, in _download_and_save
    response.raise_for_status()
    ~~~~~~~~~~~~~~~~~~~~~~~~~^^
  File "C:\Users\finnb\PycharmProjects\BundesLigaPlayerAverageAgeMetrics\.venv\Lib\site-packages\tls_requests\models\response.py", line 207, in raise_for_status
    raise HTTPError(
    ...<6 lines>...
    )
tls_requests.exceptions.HTTPError: 403 Client Error: Forbidden for url: https://fbref.com/en/comps/
ERROR 2026-03-03 21:24:53,734 [_common.py:_download_and_save:526]
Error while scraping https://fbref.com/en/comps/. Retrying... (attempt 5 of 5).
Traceback (most recent call last):
  File "C:\Users\finnb\PycharmProjects\BundesLigaPlayerAverageAgeMetrics\.venv\Lib\site-packages\soccerdata\_common.py", line 506, in _download_and_save
    response.raise_for_status()
    ~~~~~~~~~~~~~~~~~~~~~~~~~^^
  File "C:\Users\finnb\PycharmProjects\BundesLigaPlayerAverageAgeMetrics\.venv\Lib\site-packages\tls_requests\models\response.py", line 207, in raise_for_status
    raise HTTPError(
    ...<6 lines>...
    )
tls_requests.exceptions.HTTPError: 403 Client Error: Forbidden for url: https://fbref.com/en/comps/
INFO 2026-03-03 21:24:53,741 [_common.py:__init__:249]
Saving cached data to C:\Users\finnb\PycharmProjects\BundesLigaPlayerAverageAgeMetrics\.soccerdata_cache\data\ESPN

INFO 2026-03-03 21:30:40,853 [_config.py:<module>:92]
No custom team name replacements found. You can configure these in C:\Users\finnb\PycharmProjects\BundesLigaPlayerAverageAgeMetrics\.soccerdata_cache\config\teamname_replacements.json.

INFO 2026-03-03 21:30:40,858 [_config.py:<module>:198]
No custom league dict found. You can configure additional leagues in C:\Users\finnb\PycharmProjects\BundesLigaPlayerAverageAgeMetrics\.soccerdata_cache\config\league_dict.json.

INFO 2026-03-03 21:30:40,878 [_common.py:__init__:249]
Saving cached data to C:\Users\finnb\PycharmProjects\BundesLigaPlayerAverageAgeMetrics\.soccerdata_cache\data\FBref

INFO 2026-03-03 21:30:40,881 [libraries.py:_load_library:397]
Successfully loaded TLS library: C:\Users\finnb\PycharmProjects\BundesLigaPlayerAverageAgeMetrics\.venv\Lib\site-packages\tls_requests\bin\tls-client-xgo-1.13.1-windows-amd64.dll

ERROR 2026-03-03 21:30:48,146 [_common.py:_download_and_save:526]
Error while scraping https://fbref.com/en/comps/. Retrying... (attempt 1 of 5).
Traceback (most recent call last):
  File "C:\Users\finnb\PycharmProjects\BundesLigaPlayerAverageAgeMetrics\.venv\Lib\site-packages\soccerdata\_common.py", line 506, in _download_and_save
    response.raise_for_status()
    ~~~~~~~~~~~~~~~~~~~~~~~~~^^
  File "C:\Users\finnb\PycharmProjects\BundesLigaPlayerAverageAgeMetrics\.venv\Lib\site-packages\tls_requests\models\response.py", line 207, in raise_for_status
    raise HTTPError(
    ...<6 lines>...
    )
tls_requests.exceptions.HTTPError: 403 Client Error: Forbidden for url: https://fbref.com/en/comps/
ERROR 2026-03-03 21:30:55,307 [_common.py:_download_and_save:526]
Error while scraping https://fbref.com/en/comps/. Retrying... (attempt 2 of 5).
Traceback (most recent call last):
  File "C:\Users\finnb\PycharmProjects\BundesLigaPlayerAverageAgeMetrics\.venv\Lib\site-packages\soccerdata\_common.py", line 506, in _download_and_save
    response.raise_for_status()
    ~~~~~~~~~~~~~~~~~~~~~~~~~^^
  File "C:\Users\finnb\PycharmProjects\BundesLigaPlayerAverageAgeMetrics\.venv\Lib\site-packages\tls_requests\models\response.py", line 207, in raise_for_status
    raise HTTPError(
    ...<6 lines>...
    )
tls_requests.exceptions.HTTPError: 403 Client Error: Forbidden for url: https://fbref.com/en/comps/
ERROR 2026-03-03 21:31:02,530 [_common.py:_download_and_save:526]
Error while scraping https://fbref.com/en/comps/. Retrying... (attempt 3 of 5).
Traceback (most recent call last):
  File "C:\Users\finnb\PycharmProjects\BundesLigaPlayerAverageAgeMetrics\.venv\Lib\site-packages\soccerdata\_common.py", line 506, in _download_and_save
    response.raise_for_status()
    ~~~~~~~~~~~~~~~~~~~~~~~~~^^
  File "C:\Users\finnb\PycharmProjects\BundesLigaPlayerAverageAgeMetrics\.venv\Lib\site-packages\tls_requests\models\response.py", line 207, in raise_for_status
    raise HTTPError(
    ...<6 lines>...
    )
tls_requests.exceptions.HTTPError: 403 Client Error: Forbidden for url: https://fbref.com/en/comps/
ERROR 2026-03-03 21:31:09,713 [_common.py:_download_and_save:526]
Error while scraping https://fbref.com/en/comps/. Retrying... (attempt 4 of 5).
Traceback (most recent call last):
  File "C:\Users\finnb\PycharmProjects\BundesLigaPlayerAverageAgeMetrics\.venv\Lib\site-packages\soccerdata\_common.py", line 506, in _download_and_save
    response.raise_for_status()
    ~~~~~~~~~~~~~~~~~~~~~~~~~^^
  File "C:\Users\finnb\PycharmProjects\BundesLigaPlayerAverageAgeMetrics\.venv\Lib\site-packages\tls_requests\models\response.py", line 207, in raise_for_status
    raise HTTPError(
    ...<6 lines>...
    )
tls_requests.exceptions.HTTPError: 403 Client Error: Forbidden for url: https://fbref.com/en/comps/
ERROR 2026-03-03 21:31:16,873 [_common.py:_download_and_save:526]
Error while scraping https://fbref.com/en/comps/. Retrying... (attempt 5 of 5).
Traceback (most recent call last):
  File "C:\Users\finnb\PycharmProjects\BundesLigaPlayerAverageAgeMetrics\.venv\Lib\site-packages\soccerdata\_common.py", line 506, in _download_and_save
    response.raise_for_status()
    ~~~~~~~~~~~~~~~~~~~~~~~~~^^
  File "C:\Users\finnb\PycharmProjects\BundesLigaPlayerAverageAgeMetrics\.venv\Lib\site-packages\tls_requests\models\response.py", line 207, in raise_for_status
    raise HTTPError(
    ...<6 lines>...
    )
tls_requests.exceptions.HTTPError: 403 Client Error: Forbidden for url: https://fbref.com/en/comps/
INFO 2026-03-03 21:31:16,878 [_common.py:__init__:249]
Saving cached data to C:\Users\finnb\PycharmProjects\BundesLigaPlayerAverageAgeMetrics\.soccerdata_cache\data\ESPN

INFO 2026-03-03 21:36:27,071 [_config.py:<module>:92]
No custom team name replacements found. You can configure these in C:\Users\finnb\PycharmProjects\BundesLigaPlayerAverageAgeMetrics\.soccerdata_cache\config\teamname_replacements.json.

INFO 2026-03-03 21:36:27,076 [_config.py:<module>:198]
No custom league dict found. You can configure additional leagues in C:\Users\finnb\PycharmProjects\BundesLigaPlayerAverageAgeMetrics\.soccerdata_cache\config\league_dict.json.

INFO 2026-03-03 21:36:27,092 [_common.py:__init__:249]
Saving cached data to C:\Users\finnb\PycharmProjects\BundesLigaPlayerAverageAgeMetrics\.soccerdata_cache\data\ESPN

INFO 2026-03-03 21:36:27,096 [libraries.py:_load_library:397]
Successfully loaded TLS library: C:\Users\finnb\PycharmProjects\BundesLigaPlayerAverageAgeMetrics\.venv\Lib\site-packages\tls_requests\bin\tls-client-xgo-1.13.1-windows-amd64.dll

INFO 2026-03-03 21:42:42,359 [_config.py:<module>:92]
No custom team name replacements found. You can configure these in C:\Users\finnb\PycharmProjects\BundesLigaPlayerAverageAgeMetrics\.soccerdata_cache\config\teamname_replacements.json.

INFO 2026-03-03 21:42:42,364 [_config.py:<module>:198]
No custom league dict found. You can configure additional leagues in C:\Users\finnb\PycharmProjects\BundesLigaPlayerAverageAgeMetrics\.soccerdata_cache\config\league_dict.json.

INFO 2026-03-03 21:42:42,381 [_common.py:__init__:249]
Saving cached data to C:\Users\finnb\PycharmProjects\BundesLigaPlayerAverageAgeMetrics\.soccerdata_cache\data\ESPN

INFO 2026-03-03 21:42:42,383 [libraries.py:load:435]
Downloading required library version v1.13.1...

INFO 2026-03-03 21:42:42,385 [libraries.py:download:314]
System Info - Platform: windows, Machine: amd64, File Ext : dll.

INFO 2026-03-03 21:42:53,933 [libraries.py:export_config:193]
Saved release config to C:\Users\finnb\AppData\Roaming\Python\Python313\site-packages\tls_requests\bin\release.json

INFO 2026-03-03 21:42:53,945 [libraries.py:fetch_api:239]
Fetched release data from GitHub API.

INFO 2026-03-03 21:42:53,947 [libraries.py:download:328]
Trying to download library from: https://github.com/bogdanfinn/tls-client/releases/download/v1.13.1/tls-client-xgo-1.13.1-windows-amd64.dll

INFO 2026-03-03 21:43:14,877 [libraries.py:_load_library:397]
Successfully loaded TLS library: C:\Users\finnb\AppData\Roaming\Python\Python313\site-packages\tls_requests\bin\tls-client-xgo-1.13.1-windows-amd64.dll

INFO 2026-03-03 21:44:30,576 [_config.py:<module>:92]
No custom team name replacements found. You can configure these in C:\Users\finnb\PycharmProjects\BundesLigaPlayerAverageAgeMetrics\.soccerdata_cache\config\teamname_replacements.json.

INFO 2026-03-03 21:44:30,580 [_config.py:<module>:198]
No custom league dict found. You can configure additional leagues in C:\Users\finnb\PycharmProjects\BundesLigaPlayerAverageAgeMetrics\.soccerdata_cache\config\league_dict.json.

INFO 2026-03-03 21:44:30,594 [_common.py:__init__:249]
Saving cached data to C:\Users\finnb\PycharmProjects\BundesLigaPlayerAverageAgeMetrics\.soccerdata_cache\data\ESPN

INFO 2026-03-03 21:44:30,597 [libraries.py:_load_library:397]
Successfully loaded TLS library: C:\Users\finnb\AppData\Roaming\Python\Python313\site-packages\tls_requests\bin\tls-client-xgo-1.13.1-windows-amd64.dll

INFO 2026-03-03 21:45:50,351 [_common.py:__init__:249]
Saving cached data to C:\Users\finnb\PycharmProjects\BundesLigaPlayerAverageAgeMetrics\.soccerdata_cache\data\ESPN

INFO 2026-03-03 21:46:00,137 [_config.py:<module>:92]
No custom team name replacements found. You can configure these in C:\Users\finnb\PycharmProjects\BundesLigaPlayerAverageAgeMetrics\.soccerdata_cache\config\teamname_replacements.json.

INFO 2026-03-03 21:46:00,143 [_config.py:<module>:198]
No custom league dict found. You can configure additional leagues in C:\Users\finnb\PycharmProjects\BundesLigaPlayerAverageAgeMetrics\.soccerdata_cache\config\league_dict.json.

INFO 2026-03-03 21:55:18,363 [_config.py:<module>:92]
No custom team name replacements found. You can configure these in C:\Users\finnb\PycharmProjects\BundesLigaPlayerAverageAgeMetrics\.soccerdata_cache\config\teamname_replacements.json.

INFO 2026-03-03 21:55:18,368 [_config.py:<module>:198]
No custom league dict found. You can configure additional leagues in C:\Users\finnb\PycharmProjects\BundesLigaPlayerAverageAgeMetrics\.soccerdata_cache\config\league_dict.json.

INFO 2026-03-03 21:55:18,389 [_common.py:__init__:249]
Saving cached data to C:\Users\finnb\PycharmProjects\BundesLigaPlayerAverageAgeMetrics\.soccerdata_cache\data\ESPN

INFO 2026-03-03 21:55:18,393 [libraries.py:_load_library:397]
Successfully loaded TLS library: C:\Users\finnb\AppData\Roaming\Python\Python313\site-packages\tls_requests\bin\tls-client-xgo-1.13.1-windows-amd64.dll

INFO 2026-03-03 21:57:03,992 [_config.py:<module>:92]
No custom team name replacements found. You can configure these in C:\Users\finnb\PycharmProjects\BundesLigaPlayerAverageAgeMetrics\.soccerdata_cache\config\teamname_replacements.json.

INFO 2026-03-03 21:57:03,997 [_config.py:<module>:198]
No custom league dict found. You can configure additional leagues in C:\Users\finnb\PycharmProjects\BundesLigaPlayerAverageAgeMetrics\.soccerdata_cache\config\league_dict.json.

INFO 2026-03-03 21:57:04,018 [_common.py:__init__:249]
Saving cached data to C:\Users\finnb\PycharmProjects\BundesLigaPlayerAverageAgeMetrics\.soccerdata_cache\data\ESPN

INFO 2026-03-03 21:57:04,021 [libraries.py:_load_library:397]
Successfully loaded TLS library: C:\Users\finnb\AppData\Roaming\Python\Python313\site-packages\tls_requests\bin\tls-client-xgo-1.13.1-windows-amd64.dll

INFO 2026-03-03 21:59:36,080 [_config.py:<module>:92]
No custom team name replacements found. You can configure these in C:\Users\finnb\PycharmProjects\BundesLigaPlayerAverageAgeMetrics\.soccerdata_cache\config\teamname_replacements.json.

INFO 2026-03-03 21:59:36,085 [_config.py:<module>:198]
No custom league dict found. You can configure additional leagues in C:\Users\finnb\PycharmProjects\BundesLigaPlayerAverageAgeMetrics\.soccerdata_cache\config\league_dict.json.

INFO 2026-03-03 21:59:36,123 [_common.py:__init__:249]
Saving cached data to C:\Users\finnb\PycharmProjects\BundesLigaPlayerAverageAgeMetrics\.soccerdata_cache\data\ESPN

INFO 2026-03-03 21:59:36,134 [libraries.py:_load_library:397]
Successfully loaded TLS library: C:\Users\finnb\PycharmProjects\BundesLigaPlayerAverageAgeMetrics\.venv\Lib\site-packages\tls_requests\bin\tls-client-xgo-1.13.1-windows-amd64.dll

INFO 2026-03-03 21:59:47,415 [_config.py:<module>:92]
No custom team name replacements found. You can configure these in C:\Users\finnb\PycharmProjects\BundesLigaPlayerAverageAgeMetrics\.soccerdata_cache\config\teamname_replacements.json.

INFO 2026-03-03 21:59:47,420 [_config.py:<module>:198]
No custom league dict found. You can configure additional leagues in C:\Users\finnb\PycharmProjects\BundesLigaPlayerAverageAgeMetrics\.soccerdata_cache\config\league_dict.json.

INFO 2026-03-03 21:59:47,441 [_common.py:__init__:249]
Saving cached data to C:\Users\finnb\PycharmProjects\BundesLigaPlayerAverageAgeMetrics\.soccerdata_cache\data\ESPN

INFO 2026-03-03 21:59:47,444 [libraries.py:_load_library:397]
Successfully loaded TLS library: C:\Users\finnb\PycharmProjects\BundesLigaPlayerAverageAgeMetrics\.venv\Lib\site-packages\tls_requests\bin\tls-client-xgo-1.13.1-windows-amd64.dll

INFO 2026-03-03 21:59:56,281 [_config.py:<module>:92]
No custom team name replacements found. You can configure these in C:\Users\finnb\PycharmProjects\BundesLigaPlayerAverageAgeMetrics\.soccerdata_cache\config\teamname_replacements.json.

INFO 2026-03-03 21:59:56,287 [_config.py:<module>:198]
No custom league dict found. You can configure additional leagues in C:\Users\finnb\PycharmProjects\BundesLigaPlayerAverageAgeMetrics\.soccerdata_cache\config\league_dict.json.

INFO 2026-03-03 22:02:36,195 [_config.py:<module>:92]
No custom team name replacements found. You can configure these in C:\Users\finnb\PycharmProjects\BundesLigaPlayerAverageAgeMetrics\.soccerdata_cache\config\teamname_replacements.json.

INFO 2026-03-03 22:02:36,200 [_config.py:<module>:198]
No custom league dict found. You can configure additional leagues in C:\Users\finnb\PycharmProjects\BundesLigaPlayerAverageAgeMetrics\.soccerdata_cache\config\league_dict.json.

INFO 2026-03-03 22:05:15,969 [_config.py:<module>:92]
No custom team name replacements found. You can configure these in C:\Users\finnb\PycharmProjects\BundesLigaPlayerAverageAgeMetrics\.soccerdata_cache\config\teamname_replacements.json.

INFO 2026-03-03 22:05:15,974 [_config.py:<module>:198]
No custom league dict found. You can configure additional leagues in C:\Users\finnb\PycharmProjects\BundesLigaPlayerAverageAgeMetrics\.soccerdata_cache\config\league_dict.json.

INFO 2026-03-03 22:22:31,994 [_config.py:<module>:92]
No custom team name replacements found. You can configure these in C:\Users\finnb\PycharmProjects\BundesLigaPlayerAverageAgeMetrics\.soccerdata_cache\config\teamname_replacements.json.

INFO 2026-03-03 22:22:31,999 [_config.py:<module>:198]
No custom league dict found. You can configure additional leagues in C:\Users\finnb\PycharmProjects\BundesLigaPlayerAverageAgeMetrics\.soccerdata_cache\config\league_dict.json.

INFO 2026-03-03 22:22:45,461 [_config.py:<module>:92]
No custom team name replacements found. You can configure these in C:\Users\finnb\PycharmProjects\BundesLigaPlayerAverageAgeMetrics\.soccerdata_cache\config\teamname_replacements.json.

INFO 2026-03-03 22:22:45,467 [_config.py:<module>:198]
No custom league dict found. You can configure additional leagues in C:\Users\finnb\PycharmProjects\BundesLigaPlayerAverageAgeMetrics\.soccerdata_cache\config\league_dict.json.

INFO 2026-03-03 22:22:57,296 [_config.py:<module>:92]
No custom team name replacements found. You can configure these in C:\Users\finnb\PycharmProjects\BundesLigaPlayerAverageAgeMetrics\.soccerdata_cache\config\teamname_replacements.json.

INFO 2026-03-03 22:22:57,301 [_config.py:<module>:198]
No custom league dict found. You can configure additional leagues in C:\Users\finnb\PycharmProjects\BundesLigaPlayerAverageAgeMetrics\.soccerdata_cache\config\league_dict.json.

INFO 2026-03-03 22:24:04,707 [_config.py:<module>:92]
No custom team name replacements found. You can configure these in C:\Users\finnb\PycharmProjects\BundesLigaPlayerAverageAgeMetrics\.soccerdata_cache\config\teamname_replacements.json.

INFO 2026-03-03 22:24:04,712 [_config.py:<module>:198]
No custom league dict found. You can configure additional leagues in C:\Users\finnb\PycharmProjects\BundesLigaPlayerAverageAgeMetrics\.soccerdata_cache\config\league_dict.json.

INFO 2026-03-03 22:26:55,835 [_config.py:<module>:92]
No custom team name replacements found. You can configure these in C:\Users\finnb\PycharmProjects\BundesLigaPlayerAverageAgeMetrics\.soccerdata_cache\config\teamname_replacements.json.

INFO 2026-03-03 22:26:55,841 [_config.py:<module>:198]
No custom league dict found. You can configure additional leagues in C:\Users\finnb\PycharmProjects\BundesLigaPlayerAverageAgeMetrics\.soccerdata_cache\config\league_dict.json.

INFO 2026-03-03 22:27:15,044 [_config.py:<module>:92]
No custom team name replacements found. You can configure these in C:\Users\finnb\PycharmProjects\BundesLigaPlayerAverageAgeMetrics\.soccerdata_cache\config\teamname_replacements.json.

INFO 2026-03-03 22:27:15,048 [_config.py:<module>:198]
No custom league dict found. You can configure additional leagues in C:\Users\finnb\PycharmProjects\BundesLigaPlayerAverageAgeMetrics\.soccerdata_cache\config\league_dict.json.

INFO 2026-03-03 22:29:49,250 [_config.py:<module>:92]
No custom team name replacements found. You can configure these in C:\Users\finnb\PycharmProjects\BundesLigaPlayerAverageAgeMetrics\.soccerdata_cache\config\teamname_replacements.json.

INFO 2026-03-03 22:29:49,255 [_config.py:<module>:198]
No custom league dict found. You can configure additional leagues in C:\Users\finnb\PycharmProjects\BundesLigaPlayerAverageAgeMetrics\.soccerdata_cache\config\league_dict.json.

INFO 2026-03-03 22:30:08,226 [_config.py:<module>:92]
No custom team name replacements found. You can configure these in C:\Users\finnb\PycharmProjects\BundesLigaPlayerAverageAgeMetrics\.soccerdata_cache\config\teamname_replacements.json.

INFO 2026-03-03 22:30:08,230 [_config.py:<module>:198]
No custom league dict found. You can configure additional leagues in C:\Users\finnb\PycharmProjects\BundesLigaPlayerAverageAgeMetrics\.soccerdata_cache\config\league_dict.json.

INFO 2026-03-03 22:31:15,324 [_config.py:<module>:92]
No custom team name replacements found. You can configure these in C:\Users\finnb\PycharmProjects\BundesLigaPlayerAverageAgeMetrics\.soccerdata_cache\config\teamname_replacements.json.

INFO 2026-03-03 22:31:15,329 [_config.py:<module>:198]
No custom league dict found. You can configure additional leagues in C:\Users\finnb\PycharmProjects\BundesLigaPlayerAverageAgeMetrics\.soccerdata_cache\config\league_dict.json.

INFO 2026-03-03 22:49:52,285 [_config.py:<module>:92]
No custom team name replacements found. You can configure these in C:\Users\finnb\PycharmProjects\BundesLigaPlayerAverageAgeMetrics\.soccerdata_cache\config\teamname_replacements.json.

INFO 2026-03-03 22:49:52,289 [_config.py:<module>:198]
No custom league dict found. You can configure additional leagues in C:\Users\finnb\PycharmProjects\BundesLigaPlayerAverageAgeMetrics\.soccerdata_cache\config\league_dict.json.

INFO 2026-03-03 22:49:52,337 [_common.py:__init__:249]
Saving cached data to C:\Users\finnb\PycharmProjects\BundesLigaPlayerAverageAgeMetrics\.soccerdata_cache\data\WhoScored

INFO 2026-03-03 22:49:55,492 [whoscored.py:read_schedule:365]
Retrieving calendar for GER-Bundesliga 2324

INFO 2026-03-03 22:49:55,494 [whoscored.py:read_schedule:396]
[1/10] Retrieving fixtures for GER-Bundesliga 2324

INFO 2026-03-03 22:49:55,498 [whoscored.py:read_schedule:396]
[2/10] Retrieving fixtures for GER-Bundesliga 2324

INFO 2026-03-03 22:49:55,503 [whoscored.py:read_schedule:396]
[3/10] Retrieving fixtures for GER-Bundesliga 2324

INFO 2026-03-03 22:49:55,507 [whoscored.py:read_schedule:396]
[4/10] Retrieving fixtures for GER-Bundesliga 2324

INFO 2026-03-03 22:49:55,513 [whoscored.py:read_schedule:396]
[5/10] Retrieving fixtures for GER-Bundesliga 2324

INFO 2026-03-03 22:49:55,518 [whoscored.py:read_schedule:396]
[6/10] Retrieving fixtures for GER-Bundesliga 2324

INFO 2026-03-03 22:49:55,524 [whoscored.py:read_schedule:396]
[7/10] Retrieving fixtures for GER-Bundesliga 2324

INFO 2026-03-03 22:49:55,529 [whoscored.py:read_schedule:396]
[8/10] Retrieving fixtures for GER-Bundesliga 2324

INFO 2026-03-03 22:49:55,534 [whoscored.py:read_schedule:396]
[9/10] Retrieving fixtures for GER-Bundesliga 2324

INFO 2026-03-03 22:49:55,539 [whoscored.py:read_schedule:396]
[10/10] Retrieving fixtures for GER-Bundesliga 2324

INFO 2026-03-03 22:49:55,635 [whoscored.py:read_schedule:365]
Retrieving calendar for GER-Bundesliga 2324

INFO 2026-03-03 22:49:55,637 [whoscored.py:read_schedule:396]
[1/10] Retrieving fixtures for GER-Bundesliga 2324

INFO 2026-03-03 22:49:55,641 [whoscored.py:read_schedule:396]
[2/10] Retrieving fixtures for GER-Bundesliga 2324

INFO 2026-03-03 22:49:55,645 [whoscored.py:read_schedule:396]
[3/10] Retrieving fixtures for GER-Bundesliga 2324

INFO 2026-03-03 22:49:55,649 [whoscored.py:read_schedule:396]
[4/10] Retrieving fixtures for GER-Bundesliga 2324

INFO 2026-03-03 22:49:55,653 [whoscored.py:read_schedule:396]
[5/10] Retrieving fixtures for GER-Bundesliga 2324

INFO 2026-03-03 22:49:55,658 [whoscored.py:read_schedule:396]
[6/10] Retrieving fixtures for GER-Bundesliga 2324

INFO 2026-03-03 22:49:55,662 [whoscored.py:read_schedule:396]
[7/10] Retrieving fixtures for GER-Bundesliga 2324

INFO 2026-03-03 22:49:55,666 [whoscored.py:read_schedule:396]
[8/10] Retrieving fixtures for GER-Bundesliga 2324

INFO 2026-03-03 22:49:55,671 [whoscored.py:read_schedule:396]
[9/10] Retrieving fixtures for GER-Bundesliga 2324

INFO 2026-03-03 22:49:55,675 [whoscored.py:read_schedule:396]
[10/10] Retrieving fixtures for GER-Bundesliga 2324

INFO 2026-03-03 22:49:55,709 [whoscored.py:read_events:688]
[1/305] Retrieving game with id=1743398

INFO 2026-03-03 22:50:08,659 [whoscored.py:read_events:688]
[2/305] Retrieving game with id=1743394

INFO 2026-03-03 22:50:20,116 [whoscored.py:read_events:688]
[3/305] Retrieving game with id=1743392

INFO 2026-03-03 22:50:31,630 [whoscored.py:read_events:688]
[4/305] Retrieving game with id=1743397

INFO 2026-03-03 22:50:43,304 [whoscored.py:read_events:688]
[5/305] Retrieving game with id=1743399

INFO 2026-03-03 22:50:55,230 [whoscored.py:read_events:688]
[6/305] Retrieving game with id=1743396

INFO 2026-03-03 22:51:10,106 [whoscored.py:read_events:688]
[7/305] Retrieving game with id=1743395

INFO 2026-03-03 22:51:21,294 [whoscored.py:read_events:688]
[8/305] Retrieving game with id=1743391

INFO 2026-03-03 22:51:32,903 [whoscored.py:read_events:688]
[9/305] Retrieving game with id=1743400

INFO 2026-03-03 22:51:46,222 [whoscored.py:read_events:688]
[10/305] Retrieving game with id=1743406

INFO 2026-03-03 22:51:58,804 [whoscored.py:read_events:688]
[11/305] Retrieving game with id=1743404

INFO 2026-03-03 22:52:09,866 [whoscored.py:read_events:688]
[12/305] Retrieving game with id=1743408

INFO 2026-03-03 22:52:25,199 [whoscored.py:read_events:688]
[13/305] Retrieving game with id=1743407

INFO 2026-03-03 22:52:36,926 [whoscored.py:read_events:688]
[14/305] Retrieving game with id=1743405

INFO 2026-03-03 22:52:49,238 [whoscored.py:read_events:688]
[15/305] Retrieving game with id=1743401

INFO 2026-03-03 22:53:05,028 [whoscored.py:read_events:688]
[16/305] Retrieving game with id=1743402

INFO 2026-03-03 22:53:20,654 [whoscored.py:read_events:688]
[17/305] Retrieving game with id=1743403

INFO 2026-03-03 22:53:35,122 [whoscored.py:read_events:688]
[18/305] Retrieving game with id=1743409

INFO 2026-03-03 22:53:50,240 [whoscored.py:read_events:688]
[19/305] Retrieving game with id=1743416

INFO 2026-03-03 22:54:05,312 [whoscored.py:read_events:688]
[20/305] Retrieving game with id=1743411

INFO 2026-03-03 22:54:19,602 [whoscored.py:read_events:688]
[21/305] Retrieving game with id=1743413

INFO 2026-03-03 22:54:34,957 [whoscored.py:read_events:688]
[22/305] Retrieving game with id=1743414

INFO 2026-03-03 22:54:48,918 [whoscored.py:read_events:688]
[23/305] Retrieving game with id=1743417

INFO 2026-03-03 22:55:00,181 [whoscored.py:read_events:688]
[24/305] Retrieving game with id=1743415

INFO 2026-03-03 22:55:14,362 [whoscored.py:read_events:688]
[25/305] Retrieving game with id=1743412

INFO 2026-03-03 22:55:27,197 [whoscored.py:read_events:688]
[26/305] Retrieving game with id=1743410

INFO 2026-03-03 22:55:42,565 [whoscored.py:read_events:688]
[27/305] Retrieving game with id=1743418

INFO 2026-03-03 22:55:57,900 [whoscored.py:read_events:688]
[28/305] Retrieving game with id=1743424

INFO 2026-03-03 22:56:10,284 [whoscored.py:read_events:688]
[29/305] Retrieving game with id=1743423

INFO 2026-03-03 22:56:21,648 [whoscored.py:read_events:688]
[30/305] Retrieving game with id=1743420

INFO 2026-03-03 22:56:33,418 [whoscored.py:read_events:688]
[31/305] Retrieving game with id=1743422

INFO 2026-03-03 22:56:46,907 [whoscored.py:read_events:688]
[32/305] Retrieving game with id=1743419

INFO 2026-03-03 22:57:00,098 [whoscored.py:read_events:688]
[33/305] Retrieving game with id=1743421

INFO 2026-03-03 22:57:14,141 [whoscored.py:read_events:688]
[34/305] Retrieving game with id=1743426

INFO 2026-03-03 22:57:26,919 [whoscored.py:read_events:688]
[35/305] Retrieving game with id=1743425

INFO 2026-03-03 22:57:38,687 [whoscored.py:read_events:688]
[36/305] Retrieving game with id=1743435

INFO 2026-03-03 22:57:50,681 [whoscored.py:read_events:688]
[37/305] Retrieving game with id=1743434

INFO 2026-03-03 22:58:05,464 [whoscored.py:read_events:688]
[38/305] Retrieving game with id=1743427

INFO 2026-03-03 22:58:17,103 [whoscored.py:read_events:688]
[39/305] Retrieving game with id=1743428

INFO 2026-03-03 22:58:30,670 [whoscored.py:read_events:688]
[40/305] Retrieving game with id=1743432

INFO 2026-03-03 22:58:43,337 [whoscored.py:read_events:688]
[41/305] Retrieving game with id=1743429

INFO 2026-03-03 22:58:55,161 [whoscored.py:read_events:688]
[42/305] Retrieving game with id=1743433

INFO 2026-03-03 22:59:08,904 [whoscored.py:read_events:688]
[43/305] Retrieving game with id=1743430

INFO 2026-03-03 22:59:24,277 [whoscored.py:read_events:688]
[44/305] Retrieving game with id=1743431

INFO 2026-03-03 22:59:37,179 [whoscored.py:read_events:688]
[45/305] Retrieving game with id=1743441

INFO 2026-03-03 22:59:52,635 [whoscored.py:read_events:688]
[46/305] Retrieving game with id=1743442

INFO 2026-03-03 23:00:05,423 [whoscored.py:read_events:688]
[47/305] Retrieving game with id=1743443

INFO 2026-03-03 23:00:20,270 [whoscored.py:read_events:688]
[48/305] Retrieving game with id=1743440

INFO 2026-03-03 23:00:32,624 [whoscored.py:read_events:688]
[49/305] Retrieving game with id=1743439

INFO 2026-03-03 23:00:46,418 [whoscored.py:read_events:688]
[50/305] Retrieving game with id=1743436

INFO 2026-03-03 23:00:58,532 [whoscored.py:read_events:688]
[51/305] Retrieving game with id=1743438

INFO 2026-03-03 23:01:09,812 [whoscored.py:read_events:688]
[52/305] Retrieving game with id=1743444

INFO 2026-03-03 23:01:22,836 [whoscored.py:read_events:688]
[53/305] Retrieving game with id=1743437

INFO 2026-03-03 23:01:37,354 [whoscored.py:read_events:688]
[54/305] Retrieving game with id=1743450

INFO 2026-03-03 23:01:50,447 [whoscored.py:read_events:688]
[55/305] Retrieving game with id=1743452

INFO 2026-03-03 23:02:04,430 [whoscored.py:read_events:688]
[56/305] Retrieving game with id=1743446

INFO 2026-03-03 23:02:18,365 [whoscored.py:read_events:688]
[57/305] Retrieving game with id=1743447

INFO 2026-03-03 23:02:30,869 [whoscored.py:read_events:688]
[58/305] Retrieving game with id=1743453

INFO 2026-03-03 23:02:43,273 [whoscored.py:read_events:688]
[59/305] Retrieving game with id=1743451

INFO 2026-03-03 23:02:56,276 [whoscored.py:read_events:688]
[60/305] Retrieving game with id=1743448

INFO 2026-03-03 23:03:11,250 [whoscored.py:read_events:688]
[61/305] Retrieving game with id=1743445

INFO 2026-03-03 23:03:24,064 [whoscored.py:read_events:688]
[62/305] Retrieving game with id=1743449

INFO 2026-03-03 23:03:38,416 [whoscored.py:read_events:688]
[63/305] Retrieving game with id=1743454

INFO 2026-03-03 23:03:51,278 [whoscored.py:read_events:688]
[64/305] Retrieving game with id=1743462

INFO 2026-03-03 23:04:07,128 [whoscored.py:read_events:688]
[65/305] Retrieving game with id=1743456

INFO 2026-03-03 23:04:22,332 [whoscored.py:read_events:688]
[66/305] Retrieving game with id=1743460

INFO 2026-03-03 23:04:34,430 [whoscored.py:read_events:688]
[67/305] Retrieving game with id=1743458

INFO 2026-03-03 23:04:48,619 [whoscored.py:read_events:688]
[68/305] Retrieving game with id=1743455

INFO 2026-03-03 23:05:03,800 [whoscored.py:read_events:688]
[69/305] Retrieving game with id=1743457

INFO 2026-03-03 23:05:15,059 [whoscored.py:read_events:688]
[70/305] Retrieving game with id=1743461

INFO 2026-03-03 23:05:29,363 [whoscored.py:read_events:688]
[71/305] Retrieving game with id=1743459

INFO 2026-03-03 23:05:42,910 [whoscored.py:read_events:688]
[72/305] Retrieving game with id=1743469

INFO 2026-03-03 23:05:56,807 [whoscored.py:read_events:688]
[73/305] Retrieving game with id=1743470

INFO 2026-03-03 23:06:09,174 [whoscored.py:read_events:688]
[74/305] Retrieving game with id=1743463

INFO 2026-03-03 23:06:23,670 [whoscored.py:read_events:688]
[75/305] Retrieving game with id=1743467

INFO 2026-03-03 23:06:38,620 [whoscored.py:read_events:688]
[76/305] Retrieving game with id=1743464

INFO 2026-03-03 23:06:52,706 [whoscored.py:read_events:688]
[77/305] Retrieving game with id=1743471

INFO 2026-03-03 23:07:03,990 [whoscored.py:read_events:688]
[78/305] Retrieving game with id=1743468

INFO 2026-03-03 23:07:15,342 [whoscored.py:read_events:688]
[79/305] Retrieving game with id=1743465

INFO 2026-03-03 23:07:30,392 [whoscored.py:read_events:688]
[80/305] Retrieving game with id=1743466

INFO 2026-03-03 23:07:44,708 [whoscored.py:read_events:688]
[81/305] Retrieving game with id=1743480

INFO 2026-03-03 23:07:58,620 [whoscored.py:read_events:688]
[82/305] Retrieving game with id=1743472

INFO 2026-03-03 23:08:14,356 [whoscored.py:read_events:688]
[83/305] Retrieving game with id=1743477

INFO 2026-03-03 23:08:29,516 [whoscored.py:read_events:688]
[84/305] Retrieving game with id=1743474

INFO 2026-03-03 23:08:42,912 [whoscored.py:read_events:688]
[85/305] Retrieving game with id=1743478

INFO 2026-03-03 23:08:54,631 [whoscored.py:read_events:688]
[86/305] Retrieving game with id=1743476

INFO 2026-03-03 23:09:07,277 [whoscored.py:read_events:688]
[87/305] Retrieving game with id=1743473

INFO 2026-03-03 23:09:18,942 [whoscored.py:read_events:688]
[88/305] Retrieving game with id=1743479

INFO 2026-03-03 23:09:32,366 [whoscored.py:read_events:688]
[89/305] Retrieving game with id=1743475

INFO 2026-03-03 23:09:45,720 [whoscored.py:read_events:688]
[90/305] Retrieving game with id=1743529

INFO 2026-03-03 23:09:56,773 [whoscored.py:read_events:688]
[91/305] Retrieving game with id=1743532

INFO 2026-03-03 23:10:08,238 [whoscored.py:read_events:688]
[92/305] Retrieving game with id=1743526

INFO 2026-03-03 23:10:22,634 [whoscored.py:read_events:688]
[93/305] Retrieving game with id=1743531

INFO 2026-03-03 23:10:33,721 [whoscored.py:read_events:688]
[94/305] Retrieving game with id=1743534

INFO 2026-03-03 23:10:47,586 [whoscored.py:read_events:688]
[95/305] Retrieving game with id=1743533

INFO 2026-03-03 23:10:59,961 [whoscored.py:read_events:688]
[96/305] Retrieving game with id=1743528

INFO 2026-03-03 23:11:14,019 [whoscored.py:read_events:688]
[97/305] Retrieving game with id=1743527

INFO 2026-03-03 23:11:27,771 [whoscored.py:read_events:688]
[98/305] Retrieving game with id=1743530

INFO 2026-03-03 23:11:41,085 [whoscored.py:read_events:688]
[99/305] Retrieving game with id=1743540

INFO 2026-03-03 23:11:55,331 [whoscored.py:read_events:688]
[100/305] Retrieving game with id=1743535

INFO 2026-03-03 23:12:09,730 [whoscored.py:read_events:688]
[101/305] Retrieving game with id=1743538

INFO 2026-03-03 23:12:23,675 [whoscored.py:read_events:688]
[102/305] Retrieving game with id=1743537

INFO 2026-03-03 23:12:38,604 [whoscored.py:read_events:688]
[103/305] Retrieving game with id=1743536

INFO 2026-03-03 23:12:53,150 [whoscored.py:read_events:688]
[104/305] Retrieving game with id=1743542

INFO 2026-03-03 23:13:07,690 [whoscored.py:read_events:688]
[105/305] Retrieving game with id=1743539

INFO 2026-03-03 23:13:21,417 [whoscored.py:read_events:688]
[106/305] Retrieving game with id=1743543

INFO 2026-03-03 23:13:32,805 [whoscored.py:read_events:688]
[107/305] Retrieving game with id=1743541

INFO 2026-03-03 23:13:48,585 [whoscored.py:read_events:688]
[108/305] Retrieving game with id=1743552

INFO 2026-03-03 23:14:03,977 [whoscored.py:read_events:688]
[109/305] Retrieving game with id=1743549

INFO 2026-03-03 23:14:17,642 [whoscored.py:read_events:688]
[110/305] Retrieving game with id=1743548

INFO 2026-03-03 23:14:30,982 [whoscored.py:read_events:688]
[111/305] Retrieving game with id=1743545

INFO 2026-03-03 23:14:46,147 [whoscored.py:read_events:688]
[112/305] Retrieving game with id=1743551

INFO 2026-03-03 23:14:57,805 [whoscored.py:read_events:688]
[113/305] Retrieving game with id=1743550

INFO 2026-03-03 23:15:11,178 [whoscored.py:read_events:688]
[114/305] Retrieving game with id=1743546

INFO 2026-03-03 23:15:25,031 [whoscored.py:read_events:688]
[115/305] Retrieving game with id=1743547

INFO 2026-03-03 23:15:37,328 [whoscored.py:read_events:688]
[116/305] Retrieving game with id=1743558

INFO 2026-03-03 23:15:48,404 [whoscored.py:read_events:688]
[117/305] Retrieving game with id=1743553

INFO 2026-03-03 23:16:00,055 [whoscored.py:read_events:688]
[118/305] Retrieving game with id=1743555

INFO 2026-03-03 23:16:13,703 [whoscored.py:read_events:688]
[119/305] Retrieving game with id=1743561

INFO 2026-03-03 23:16:25,480 [whoscored.py:read_events:688]
[120/305] Retrieving game with id=1743554

INFO 2026-03-03 23:16:37,968 [whoscored.py:read_events:688]
[121/305] Retrieving game with id=1743559

INFO 2026-03-03 23:16:49,839 [whoscored.py:read_events:688]
[122/305] Retrieving game with id=1743556

INFO 2026-03-03 23:17:05,274 [whoscored.py:read_events:688]
[123/305] Retrieving game with id=1743557

INFO 2026-03-03 23:17:19,583 [whoscored.py:read_events:688]
[124/305] Retrieving game with id=1743560

INFO 2026-03-03 23:17:33,859 [whoscored.py:read_events:688]
[125/305] Retrieving game with id=1743567

INFO 2026-03-03 23:17:47,554 [whoscored.py:read_events:688]
[126/305] Retrieving game with id=1743569

INFO 2026-03-03 23:17:59,385 [whoscored.py:read_events:688]
[127/305] Retrieving game with id=1743568

INFO 2026-03-03 23:18:12,488 [whoscored.py:read_events:688]
[128/305] Retrieving game with id=1743570

INFO 2026-03-03 23:18:24,328 [whoscored.py:read_events:688]
[129/305] Retrieving game with id=1743566

INFO 2026-03-03 23:18:37,812 [whoscored.py:read_events:688]
[130/305] Retrieving game with id=1743563

INFO 2026-03-03 23:18:49,610 [whoscored.py:read_events:688]
[131/305] Retrieving game with id=1743565

INFO 2026-03-03 23:19:00,590 [whoscored.py:read_events:688]
[132/305] Retrieving game with id=1743562

INFO 2026-03-03 23:19:12,731 [whoscored.py:read_events:688]
[133/305] Retrieving game with id=1743564

INFO 2026-03-03 23:19:26,916 [whoscored.py:read_events:688]
[134/305] Retrieving game with id=1743481

INFO 2026-03-03 23:19:40,373 [whoscored.py:read_events:688]
[135/305] Retrieving game with id=1743486

INFO 2026-03-03 23:19:53,815 [whoscored.py:read_events:688]
[136/305] Retrieving game with id=1743487

INFO 2026-03-03 23:20:06,397 [whoscored.py:read_events:688]
[137/305] Retrieving game with id=1743483

INFO 2026-03-03 23:20:21,573 [whoscored.py:read_events:688]
[138/305] Retrieving game with id=1743484

INFO 2026-03-03 23:20:36,130 [whoscored.py:read_events:688]
[139/305] Retrieving game with id=1743489

INFO 2026-03-03 23:20:51,337 [whoscored.py:read_events:688]
[140/305] Retrieving game with id=1743482

INFO 2026-03-03 23:21:06,626 [whoscored.py:read_events:688]
[141/305] Retrieving game with id=1743488

INFO 2026-03-03 23:21:21,010 [whoscored.py:read_events:688]
[142/305] Retrieving game with id=1743485

INFO 2026-03-03 23:21:32,831 [whoscored.py:read_events:688]
[143/305] Retrieving game with id=1743490

INFO 2026-03-03 23:21:45,396 [whoscored.py:read_events:688]
[144/305] Retrieving game with id=1743497

INFO 2026-03-03 23:21:56,510 [whoscored.py:read_events:688]
[145/305] Retrieving game with id=1743498

INFO 2026-03-03 23:22:11,887 [whoscored.py:read_events:688]
[146/305] Retrieving game with id=1743495

INFO 2026-03-03 23:22:24,446 [whoscored.py:read_events:688]
[147/305] Retrieving game with id=1743492

INFO 2026-03-03 23:22:36,671 [whoscored.py:read_events:688]
[148/305] Retrieving game with id=1743493

INFO 2026-03-03 23:22:47,757 [whoscored.py:read_events:688]
[149/305] Retrieving game with id=1743491

INFO 2026-03-03 23:23:02,238 [whoscored.py:read_events:688]
[150/305] Retrieving game with id=1743496

INFO 2026-03-03 23:23:14,099 [whoscored.py:read_events:688]
[151/305] Retrieving game with id=1743494

INFO 2026-03-03 23:23:27,841 [whoscored.py:read_events:688]
[152/305] Retrieving game with id=1743505

INFO 2026-03-03 23:23:43,053 [whoscored.py:read_events:688]
[153/305] Retrieving game with id=1743507

INFO 2026-03-03 23:23:58,050 [whoscored.py:read_events:688]
[154/305] Retrieving game with id=1743506

INFO 2026-03-03 23:24:11,248 [whoscored.py:read_events:688]
[155/305] Retrieving game with id=1743504

INFO 2026-03-03 23:24:23,326 [whoscored.py:read_events:688]
[156/305] Retrieving game with id=1743501

INFO 2026-03-03 23:24:38,525 [whoscored.py:read_events:688]
[157/305] Retrieving game with id=1743500

INFO 2026-03-03 23:24:52,799 [whoscored.py:read_events:688]
[158/305] Retrieving game with id=1743499

INFO 2026-03-03 23:25:03,869 [whoscored.py:read_events:688]
[159/305] Retrieving game with id=1743503

INFO 2026-03-03 23:25:17,877 [whoscored.py:read_events:688]
[160/305] Retrieving game with id=1743544

INFO 2026-03-03 23:25:32,523 [whoscored.py:read_events:688]
[161/305] Retrieving game with id=1743511

INFO 2026-03-03 23:25:43,863 [whoscored.py:read_events:688]
[162/305] Retrieving game with id=1743515

INFO 2026-03-03 23:25:57,680 [whoscored.py:read_events:688]
[163/305] Retrieving game with id=1743510

INFO 2026-03-03 23:26:12,518 [whoscored.py:read_events:688]
[164/305] Retrieving game with id=1743513

INFO 2026-03-03 23:26:23,778 [whoscored.py:read_events:688]
[165/305] Retrieving game with id=1743516

INFO 2026-03-03 23:26:39,485 [whoscored.py:read_events:688]
[166/305] Retrieving game with id=1743514

INFO 2026-03-03 23:26:51,260 [whoscored.py:read_events:688]
[167/305] Retrieving game with id=1743512

INFO 2026-03-03 23:27:06,404 [whoscored.py:read_events:688]
[168/305] Retrieving game with id=1743508

INFO 2026-03-03 23:27:20,116 [whoscored.py:read_events:688]
[169/305] Retrieving game with id=1743509

INFO 2026-03-03 23:27:34,255 [whoscored.py:read_events:688]
[170/305] Retrieving game with id=1743524

INFO 2026-03-03 23:27:47,482 [whoscored.py:read_events:688]
[171/305] Retrieving game with id=1743517

INFO 2026-03-03 23:28:02,868 [whoscored.py:read_events:688]
[172/305] Retrieving game with id=1743523

INFO 2026-03-03 23:28:14,096 [whoscored.py:read_events:688]
[173/305] Retrieving game with id=1743525

INFO 2026-03-03 23:28:29,995 [whoscored.py:read_events:688]
[174/305] Retrieving game with id=1743522

INFO 2026-03-03 23:28:44,426 [whoscored.py:read_events:688]
[175/305] Retrieving game with id=1743519

INFO 2026-03-03 23:28:59,441 [whoscored.py:read_events:688]
[176/305] Retrieving game with id=1743521

INFO 2026-03-03 23:29:14,402 [whoscored.py:read_events:688]
[177/305] Retrieving game with id=1743518

INFO 2026-03-03 23:29:27,214 [whoscored.py:read_events:688]
[178/305] Retrieving game with id=1743520

INFO 2026-03-03 23:29:42,845 [whoscored.py:read_events:688]
[179/305] Retrieving game with id=1743502

INFO 2026-03-03 23:29:55,090 [whoscored.py:read_events:688]
[180/305] Retrieving game with id=1743574

INFO 2026-03-03 23:30:09,433 [whoscored.py:read_events:688]
[181/305] Retrieving game with id=1743581

INFO 2026-03-03 23:30:22,332 [whoscored.py:read_events:688]
[182/305] Retrieving game with id=1743580

INFO 2026-03-03 23:30:35,584 [whoscored.py:read_events:688]
[183/305] Retrieving game with id=1743572

INFO 2026-03-03 23:30:48,559 [whoscored.py:read_events:688]
[184/305] Retrieving game with id=1743583

INFO 2026-03-03 23:31:03,595 [whoscored.py:read_events:688]
[185/305] Retrieving game with id=1743577

INFO 2026-03-03 23:31:17,740 [whoscored.py:read_events:688]
[186/305] Retrieving game with id=1743578

INFO 2026-03-03 23:31:33,479 [whoscored.py:read_events:688]
[187/305] Retrieving game with id=1743575

INFO 2026-03-03 23:31:44,913 [whoscored.py:read_events:688]
[188/305] Retrieving game with id=1743584

INFO 2026-03-03 23:32:00,171 [whoscored.py:read_events:688]
[189/305] Retrieving game with id=1743593

INFO 2026-03-03 23:32:11,600 [whoscored.py:read_events:688]
[190/305] Retrieving game with id=1743597

INFO 2026-03-03 23:32:25,262 [whoscored.py:read_events:688]
[191/305] Retrieving game with id=1743596

INFO 2026-03-03 23:32:40,066 [whoscored.py:read_events:688]
[192/305] Retrieving game with id=1743594

INFO 2026-03-03 23:32:52,720 [whoscored.py:read_events:688]
[193/305] Retrieving game with id=1743592

INFO 2026-03-03 23:33:07,530 [whoscored.py:read_events:688]
[194/305] Retrieving game with id=1743586

INFO 2026-03-03 23:33:20,477 [whoscored.py:read_events:688]
[195/305] Retrieving game with id=1743590

INFO 2026-03-03 23:33:34,948 [whoscored.py:read_events:688]
[196/305] Retrieving game with id=1743595

INFO 2026-03-03 23:33:49,699 [whoscored.py:read_events:688]
[197/305] Retrieving game with id=1743588

INFO 2026-03-03 23:34:05,395 [whoscored.py:read_events:688]
[198/305] Retrieving game with id=1743579

INFO 2026-03-03 23:34:20,762 [whoscored.py:read_events:688]
[199/305] Retrieving game with id=1743571

INFO 2026-03-03 23:34:36,459 [whoscored.py:read_events:688]
[200/305] Retrieving game with id=1743585

INFO 2026-03-03 23:34:51,299 [whoscored.py:read_events:688]
[201/305] Retrieving game with id=1743576

INFO 2026-03-03 23:35:04,951 [whoscored.py:read_events:688]
[202/305] Retrieving game with id=1743591

INFO 2026-03-03 23:35:19,400 [whoscored.py:read_events:688]
[203/305] Retrieving game with id=1743587

INFO 2026-03-03 23:35:35,254 [whoscored.py:read_events:688]
[204/305] Retrieving game with id=1743589

INFO 2026-03-03 23:35:48,296 [whoscored.py:read_events:688]
[205/305] Retrieving game with id=1743573

INFO 2026-03-03 23:35:59,375 [whoscored.py:read_events:688]
[206/305] Retrieving game with id=1743582

INFO 2026-03-03 23:36:15,013 [whoscored.py:read_events:688]
[207/305] Retrieving game with id=1743599

INFO 2026-03-03 23:36:26,384 [whoscored.py:read_events:688]
[208/305] Retrieving game with id=1743604

INFO 2026-03-03 23:36:39,868 [whoscored.py:read_events:688]
[209/305] Retrieving game with id=1743606

INFO 2026-03-03 23:36:54,968 [whoscored.py:read_events:688]
[210/305] Retrieving game with id=1743605

INFO 2026-03-03 23:37:09,678 [whoscored.py:read_events:688]
[211/305] Retrieving game with id=1743601

INFO 2026-03-03 23:37:23,845 [whoscored.py:read_events:688]
[212/305] Retrieving game with id=1743598

INFO 2026-03-03 23:37:37,311 [whoscored.py:read_events:688]
[213/305] Retrieving game with id=1743600

INFO 2026-03-03 23:37:52,566 [whoscored.py:read_events:688]
[214/305] Retrieving game with id=1743602

INFO 2026-03-03 23:38:08,360 [whoscored.py:read_events:688]
[215/305] Retrieving game with id=1743603

INFO 2026-03-03 23:38:22,501 [whoscored.py:read_events:688]
[216/305] Retrieving game with id=1743615

INFO 2026-03-03 23:38:35,352 [whoscored.py:read_events:688]
[217/305] Retrieving game with id=1743614

INFO 2026-03-03 23:38:49,491 [whoscored.py:read_events:688]
[218/305] Retrieving game with id=1743607

INFO 2026-03-03 23:39:02,988 [whoscored.py:read_events:688]
[219/305] Retrieving game with id=1743611

INFO 2026-03-03 23:39:16,825 [whoscored.py:read_events:688]
[220/305] Retrieving game with id=1743608

INFO 2026-03-03 23:39:29,828 [whoscored.py:read_events:688]
[221/305] Retrieving game with id=1743612

INFO 2026-03-03 23:39:40,883 [whoscored.py:read_events:688]
[222/305] Retrieving game with id=1743609

INFO 2026-03-03 23:39:52,787 [whoscored.py:read_events:688]
[223/305] Retrieving game with id=1743613

INFO 2026-03-03 23:40:07,484 [whoscored.py:read_events:688]
[224/305] Retrieving game with id=1743610

INFO 2026-03-03 23:40:19,317 [whoscored.py:read_events:688]
[225/305] Retrieving game with id=1743621

INFO 2026-03-03 23:40:33,204 [whoscored.py:read_events:688]
[226/305] Retrieving game with id=1743624

INFO 2026-03-03 23:40:46,501 [whoscored.py:read_events:688]
[227/305] Retrieving game with id=1743623

INFO 2026-03-03 23:41:02,369 [whoscored.py:read_events:688]
[228/305] Retrieving game with id=1743622

INFO 2026-03-03 23:41:21,556 [whoscored.py:read_events:688]
[229/305] Retrieving game with id=1743620

INFO 2026-03-03 23:41:34,905 [whoscored.py:read_events:688]
[230/305] Retrieving game with id=1743617

INFO 2026-03-03 23:41:47,288 [whoscored.py:read_events:688]
[231/305] Retrieving game with id=1743619

INFO 2026-03-03 23:42:00,299 [whoscored.py:read_events:688]
[232/305] Retrieving game with id=1743616

INFO 2026-03-03 23:42:14,454 [whoscored.py:read_events:688]
[233/305] Retrieving game with id=1743618

INFO 2026-03-03 23:42:35,300 [whoscored.py:read_events:688]
[234/305] Retrieving game with id=1743627

INFO 2026-03-03 23:42:48,126 [whoscored.py:read_events:688]
[235/305] Retrieving game with id=1743625

INFO 2026-03-03 23:43:02,722 [whoscored.py:read_events:688]
[236/305] Retrieving game with id=1743629

INFO 2026-03-03 23:43:17,695 [whoscored.py:read_events:688]
[237/305] Retrieving game with id=1743628

INFO 2026-03-03 23:43:33,430 [whoscored.py:read_events:688]
[238/305] Retrieving game with id=1743626

INFO 2026-03-03 23:43:47,865 [whoscored.py:read_events:688]
[239/305] Retrieving game with id=1743630

INFO 2026-03-03 23:44:00,419 [whoscored.py:read_events:688]
[240/305] Retrieving game with id=1743632

INFO 2026-03-03 23:44:14,730 [whoscored.py:read_events:688]
[241/305] Retrieving game with id=1743631

INFO 2026-03-03 23:44:26,299 [whoscored.py:read_events:688]
[242/305] Retrieving game with id=1743633

INFO 2026-03-03 23:44:40,751 [whoscored.py:read_events:688]
[243/305] Retrieving game with id=1743637

INFO 2026-03-03 23:44:53,620 [whoscored.py:read_events:688]
[244/305] Retrieving game with id=1743634

INFO 2026-03-03 23:45:09,192 [whoscored.py:read_events:688]
[245/305] Retrieving game with id=1743641

INFO 2026-03-03 23:45:25,029 [whoscored.py:read_events:688]
[246/305] Retrieving game with id=1743642

INFO 2026-03-03 23:45:37,867 [whoscored.py:read_events:688]
[247/305] Retrieving game with id=1743636

INFO 2026-03-03 23:45:53,370 [whoscored.py:read_events:688]
[248/305] Retrieving game with id=1743639

INFO 2026-03-03 23:46:05,567 [whoscored.py:read_events:688]
[249/305] Retrieving game with id=1743635

INFO 2026-03-03 23:46:19,788 [whoscored.py:read_events:688]
[250/305] Retrieving game with id=1743640

INFO 2026-03-03 23:46:32,105 [whoscored.py:read_events:688]
[251/305] Retrieving game with id=1743638

INFO 2026-03-03 23:46:43,398 [whoscored.py:read_events:688]
[252/305] Retrieving game with id=1743649

INFO 2026-03-03 23:46:57,382 [whoscored.py:read_events:688]
[253/305] Retrieving game with id=1743643

INFO 2026-03-03 23:47:12,122 [whoscored.py:read_events:688]
[254/305] Retrieving game with id=1743648

INFO 2026-03-03 23:47:26,878 [whoscored.py:read_events:688]
[255/305] Retrieving game with id=1743647

INFO 2026-03-03 23:47:42,098 [whoscored.py:read_events:688]
[256/305] Retrieving game with id=1743646

INFO 2026-03-03 23:47:54,299 [whoscored.py:read_events:688]
[257/305] Retrieving game with id=1743644

INFO 2026-03-03 23:48:06,779 [whoscored.py:read_events:688]
[258/305] Retrieving game with id=1743650

INFO 2026-03-03 23:48:19,335 [whoscored.py:read_events:688]
[259/305] Retrieving game with id=1743645

INFO 2026-03-03 23:48:31,611 [whoscored.py:read_events:688]
[260/305] Retrieving game with id=1743651

INFO 2026-03-03 23:48:45,477 [whoscored.py:read_events:688]
[261/305] Retrieving game with id=1743655

INFO 2026-03-03 23:49:00,795 [whoscored.py:read_events:688]
[262/305] Retrieving game with id=1743660

INFO 2026-03-03 23:49:12,633 [whoscored.py:read_events:688]
[263/305] Retrieving game with id=1743657

INFO 2026-03-03 23:49:25,695 [whoscored.py:read_events:688]
[264/305] Retrieving game with id=1743658

INFO 2026-03-03 23:49:39,806 [whoscored.py:read_events:688]
[265/305] Retrieving game with id=1743653

INFO 2026-03-03 23:49:51,519 [whoscored.py:read_events:688]
[266/305] Retrieving game with id=1743656

INFO 2026-03-03 23:50:05,084 [whoscored.py:read_events:688]
[267/305] Retrieving game with id=1743652

INFO 2026-03-03 23:50:16,951 [whoscored.py:read_events:688]
[268/305] Retrieving game with id=1743654

INFO 2026-03-03 23:50:30,667 [whoscored.py:read_events:688]
[269/305] Retrieving game with id=1743659

INFO 2026-03-03 23:50:46,362 [whoscored.py:read_events:688]
[270/305] Retrieving game with id=1743667

INFO 2026-03-03 23:51:01,762 [whoscored.py:read_events:688]
[271/305] Retrieving game with id=1743668

INFO 2026-03-03 23:51:14,752 [whoscored.py:read_events:688]
[272/305] Retrieving game with id=1743664

INFO 2026-03-03 23:51:26,657 [whoscored.py:read_events:688]
[273/305] Retrieving game with id=1743661

INFO 2026-03-03 23:51:40,903 [whoscored.py:read_events:688]
[274/305] Retrieving game with id=1743663

INFO 2026-03-03 23:51:56,216 [whoscored.py:read_events:688]
[275/305] Retrieving game with id=1743662

INFO 2026-03-03 23:52:09,438 [whoscored.py:read_events:688]
[276/305] Retrieving game with id=1743666

INFO 2026-03-03 23:52:24,740 [whoscored.py:read_events:688]
[277/305] Retrieving game with id=1743669

INFO 2026-03-03 23:52:37,155 [whoscored.py:read_events:688]
[278/305] Retrieving game with id=1743665

INFO 2026-03-03 23:52:49,484 [whoscored.py:read_events:688]
[279/305] Retrieving game with id=1743675

INFO 2026-03-03 23:53:03,370 [whoscored.py:read_events:688]
[280/305] Retrieving game with id=1743670

INFO 2026-03-03 23:53:19,034 [whoscored.py:read_events:688]
[281/305] Retrieving game with id=1743674

INFO 2026-03-03 23:53:33,239 [whoscored.py:read_events:688]
[282/305] Retrieving game with id=1743677

INFO 2026-03-03 23:53:48,225 [whoscored.py:read_events:688]
[283/305] Retrieving game with id=1743676

INFO 2026-03-03 23:54:01,054 [whoscored.py:read_events:688]
[284/305] Retrieving game with id=1743673

INFO 2026-03-03 23:54:14,274 [whoscored.py:read_events:688]
[285/305] Retrieving game with id=1743672

INFO 2026-03-03 23:54:28,372 [whoscored.py:read_events:688]
[286/305] Retrieving game with id=1743678

INFO 2026-03-03 23:54:43,858 [whoscored.py:read_events:688]
[287/305] Retrieving game with id=1743671

INFO 2026-03-03 23:54:57,575 [whoscored.py:read_events:688]
[288/305] Retrieving game with id=1743686

INFO 2026-03-03 23:55:10,941 [whoscored.py:read_events:688]
[289/305] Retrieving game with id=1743683

INFO 2026-03-03 23:55:23,302 [whoscored.py:read_events:688]
[290/305] Retrieving game with id=1743684

INFO 2026-03-03 23:55:37,159 [whoscored.py:read_events:688]
[291/305] Retrieving game with id=1743681

INFO 2026-03-03 23:55:49,208 [whoscored.py:read_events:688]
[292/305] Retrieving game with id=1743682

INFO 2026-03-03 23:56:01,929 [whoscored.py:read_events:688]
[293/305] Retrieving game with id=1743680

INFO 2026-03-03 23:56:14,710 [whoscored.py:read_events:688]
[294/305] Retrieving game with id=1743679

INFO 2026-03-03 23:56:27,338 [whoscored.py:read_events:688]
[295/305] Retrieving game with id=1743685

INFO 2026-03-03 23:56:38,400 [whoscored.py:read_events:688]
[296/305] Retrieving game with id=1743687

INFO 2026-03-03 23:56:49,437 [whoscored.py:read_events:688]
[297/305] Retrieving game with id=1743690

INFO 2026-03-03 23:57:01,659 [whoscored.py:read_events:688]
[298/305] Retrieving game with id=1743688

INFO 2026-03-03 23:57:13,671 [whoscored.py:read_events:688]
[299/305] Retrieving game with id=1743691

INFO 2026-03-03 23:57:27,828 [whoscored.py:read_events:688]
[300/305] Retrieving game with id=1743696

INFO 2026-03-03 23:57:39,614 [whoscored.py:read_events:688]
[301/305] Retrieving game with id=1743693

INFO 2026-03-03 23:57:54,449 [whoscored.py:read_events:688]
[302/305] Retrieving game with id=1743689

INFO 2026-03-03 23:58:09,175 [whoscored.py:read_events:688]
[303/305] Retrieving game with id=1743695

INFO 2026-03-03 23:58:24,704 [whoscored.py:read_events:688]
[304/305] Retrieving game with id=1743694

INFO 2026-03-03 23:58:39,735 [whoscored.py:read_events:688]
[305/305] Retrieving game with id=1743692

INFO 2026-03-03 23:59:00,219 [_common.py:__init__:249]
Saving cached data to C:\Users\finnb\PycharmProjects\BundesLigaPlayerAverageAgeMetrics\.soccerdata_cache\data\WhoScored

INFO 2026-03-03 23:59:16,471 [whoscored.py:read_schedule:365]
Retrieving calendar for GER-Bundesliga 2425

INFO 2026-03-03 23:59:31,372 [whoscored.py:read_schedule:396]
[1/10] Retrieving fixtures for GER-Bundesliga 2425

INFO 2026-03-03 23:59:42,863 [whoscored.py:read_schedule:396]
[2/10] Retrieving fixtures for GER-Bundesliga 2425

INFO 2026-03-03 23:59:55,075 [whoscored.py:read_schedule:396]
[3/10] Retrieving fixtures for GER-Bundesliga 2425

INFO 2026-03-04 00:00:07,205 [whoscored.py:read_schedule:396]
[4/10] Retrieving fixtures for GER-Bundesliga 2425

INFO 2026-03-04 00:00:22,742 [whoscored.py:read_schedule:396]
[5/10] Retrieving fixtures for GER-Bundesliga 2425

INFO 2026-03-04 00:00:37,640 [whoscored.py:read_schedule:396]
[6/10] Retrieving fixtures for GER-Bundesliga 2425

INFO 2026-03-04 00:00:48,759 [whoscored.py:read_schedule:396]
[7/10] Retrieving fixtures for GER-Bundesliga 2425

INFO 2026-03-04 00:01:02,439 [whoscored.py:read_schedule:396]
[8/10] Retrieving fixtures for GER-Bundesliga 2425

INFO 2026-03-04 00:01:15,317 [whoscored.py:read_schedule:396]
[9/10] Retrieving fixtures for GER-Bundesliga 2425

INFO 2026-03-04 00:01:28,922 [whoscored.py:read_schedule:396]
[10/10] Retrieving fixtures for GER-Bundesliga 2425

INFO 2026-03-04 00:01:43,143 [whoscored.py:read_schedule:365]
Retrieving calendar for GER-Bundesliga 2425

INFO 2026-03-04 00:01:43,146 [whoscored.py:read_schedule:396]
[1/10] Retrieving fixtures for GER-Bundesliga 2425

INFO 2026-03-04 00:01:43,151 [whoscored.py:read_schedule:396]
[2/10] Retrieving fixtures for GER-Bundesliga 2425

INFO 2026-03-04 00:01:43,156 [whoscored.py:read_schedule:396]
[3/10] Retrieving fixtures for GER-Bundesliga 2425

INFO 2026-03-04 00:01:43,162 [whoscored.py:read_schedule:396]
[4/10] Retrieving fixtures for GER-Bundesliga 2425

INFO 2026-03-04 00:01:43,168 [whoscored.py:read_schedule:396]
[5/10] Retrieving fixtures for GER-Bundesliga 2425

INFO 2026-03-04 00:01:43,174 [whoscored.py:read_schedule:396]
[6/10] Retrieving fixtures for GER-Bundesliga 2425

INFO 2026-03-04 00:01:43,180 [whoscored.py:read_schedule:396]
[7/10] Retrieving fixtures for GER-Bundesliga 2425

INFO 2026-03-04 00:01:43,186 [whoscored.py:read_schedule:396]
[8/10] Retrieving fixtures for GER-Bundesliga 2425

INFO 2026-03-04 00:01:43,190 [whoscored.py:read_schedule:396]
[9/10] Retrieving fixtures for GER-Bundesliga 2425

INFO 2026-03-04 00:01:43,197 [whoscored.py:read_schedule:396]
[10/10] Retrieving fixtures for GER-Bundesliga 2425

INFO 2026-03-04 00:01:43,223 [whoscored.py:read_events:688]
[1/306] Retrieving game with id=1834247

INFO 2026-03-04 00:01:55,539 [whoscored.py:read_events:688]
[2/306] Retrieving game with id=1834258

INFO 2026-03-04 00:02:07,536 [whoscored.py:read_events:688]
[3/306] Retrieving game with id=1834248

INFO 2026-03-04 00:02:23,257 [whoscored.py:read_events:688]
[4/306] Retrieving game with id=1834255

INFO 2026-03-04 00:02:35,775 [whoscored.py:read_events:688]
[5/306] Retrieving game with id=1834252

INFO 2026-03-04 00:02:48,252 [whoscored.py:read_events:688]
[6/306] Retrieving game with id=1834264

INFO 2026-03-04 00:03:02,389 [whoscored.py:read_events:688]
[7/306] Retrieving game with id=1834249

INFO 2026-03-04 00:03:17,893 [whoscored.py:read_events:688]
[8/306] Retrieving game with id=1834267

INFO 2026-03-04 00:03:31,342 [whoscored.py:read_events:688]
[9/306] Retrieving game with id=1834261

INFO 2026-03-04 00:03:49,608 [whoscored.py:read_events:688]
[10/306] Retrieving game with id=1834254

INFO 2026-03-04 00:04:01,438 [whoscored.py:read_events:688]
[11/306] Retrieving game with id=1834270

INFO 2026-03-04 00:04:14,537 [whoscored.py:read_events:688]
[12/306] Retrieving game with id=1834257

INFO 2026-03-04 00:04:28,028 [whoscored.py:read_events:688]
[13/306] Retrieving game with id=1834278

INFO 2026-03-04 00:04:39,623 [whoscored.py:read_events:688]
[14/306] Retrieving game with id=1834260

INFO 2026-03-04 00:04:57,447 [whoscored.py:read_events:688]
[15/306] Retrieving game with id=1834273

INFO 2026-03-04 00:05:14,970 [whoscored.py:read_events:688]
[16/306] Retrieving game with id=1834251

INFO 2026-03-04 00:05:31,712 [whoscored.py:read_events:688]
[17/306] Retrieving game with id=1834276

INFO 2026-03-04 00:05:43,961 [whoscored.py:read_events:688]
[18/306] Retrieving game with id=1834281

INFO 2026-03-04 00:06:00,236 [whoscored.py:read_events:688]
[19/306] Retrieving game with id=1834265

INFO 2026-03-04 00:06:15,815 [whoscored.py:read_events:688]
[20/306] Retrieving game with id=1834284

INFO 2026-03-04 00:06:31,189 [whoscored.py:read_events:688]
[21/306] Retrieving game with id=1834272

INFO 2026-03-04 00:06:43,373 [whoscored.py:read_events:688]
[22/306] Retrieving game with id=1834269

INFO 2026-03-04 00:06:57,940 [whoscored.py:read_events:688]
[23/306] Retrieving game with id=1834286

INFO 2026-03-04 00:07:08,848 [whoscored.py:read_events:688]
[24/306] Retrieving game with id=1834263

INFO 2026-03-04 00:07:24,010 [whoscored.py:read_events:688]
[25/306] Retrieving game with id=1834279

INFO 2026-03-04 00:07:38,112 [whoscored.py:read_events:688]
[26/306] Retrieving game with id=1834275

INFO 2026-03-04 00:07:51,295 [whoscored.py:read_events:688]
[27/306] Retrieving game with id=1834282

INFO 2026-03-04 00:08:05,283 [whoscored.py:read_events:688]
[28/306] Retrieving game with id=1834298

INFO 2026-03-04 00:08:16,183 [whoscored.py:read_events:688]
[29/306] Retrieving game with id=1834302

INFO 2026-03-04 00:08:30,956 [whoscored.py:read_events:688]
[30/306] Retrieving game with id=1834292

INFO 2026-03-04 00:08:44,727 [whoscored.py:read_events:688]
[31/306] Retrieving game with id=1834294

INFO 2026-03-04 00:08:58,191 [whoscored.py:read_events:688]
[32/306] Retrieving game with id=1834300

INFO 2026-03-04 00:09:13,730 [whoscored.py:read_events:688]
[33/306] Retrieving game with id=1834296

INFO 2026-03-04 00:09:26,846 [whoscored.py:read_events:688]
[34/306] Retrieving game with id=1834288

INFO 2026-03-04 00:09:39,902 [whoscored.py:read_events:688]
[35/306] Retrieving game with id=1834304

INFO 2026-03-04 00:09:53,268 [whoscored.py:read_events:688]
[36/306] Retrieving game with id=1834290

INFO 2026-03-04 00:10:06,243 [whoscored.py:read_events:688]
[37/306] Retrieving game with id=1834310

INFO 2026-03-04 00:10:21,535 [whoscored.py:read_events:688]
[38/306] Retrieving game with id=1834306

INFO 2026-03-04 00:10:33,375 [whoscored.py:read_events:688]
[39/306] Retrieving game with id=1834320

INFO 2026-03-04 00:10:48,740 [whoscored.py:read_events:688]
[40/306] Retrieving game with id=1834314

INFO 2026-03-04 00:11:01,727 [whoscored.py:read_events:688]
[41/306] Retrieving game with id=1834318

INFO 2026-03-04 00:11:14,678 [whoscored.py:read_events:688]
[42/306] Retrieving game with id=1834308

INFO 2026-03-04 00:11:35,290 [whoscored.py:read_events:688]
[43/306] Retrieving game with id=1834316

INFO 2026-03-04 00:11:50,066 [whoscored.py:read_events:688]
[44/306] Retrieving game with id=1834312

INFO 2026-03-04 00:12:04,278 [whoscored.py:read_events:688]
[45/306] Retrieving game with id=1834322

INFO 2026-03-04 00:12:16,622 [whoscored.py:read_events:688]
[46/306] Retrieving game with id=1834259

INFO 2026-03-04 00:12:31,861 [whoscored.py:read_events:688]
[47/306] Retrieving game with id=1834324

INFO 2026-03-04 00:12:46,065 [whoscored.py:read_events:688]
[48/306] Retrieving game with id=1834266

INFO 2026-03-04 00:12:59,685 [whoscored.py:read_events:688]
[49/306] Retrieving game with id=1834268

INFO 2026-03-04 00:13:13,115 [whoscored.py:read_events:688]
[50/306] Retrieving game with id=1834262

INFO 2026-03-04 00:13:24,379 [whoscored.py:read_events:688]
[51/306] Retrieving game with id=1834256

INFO 2026-03-04 00:13:37,979 [whoscored.py:read_events:688]
[52/306] Retrieving game with id=1834250

INFO 2026-03-04 00:13:50,922 [whoscored.py:read_events:688]
[53/306] Retrieving game with id=1834253

INFO 2026-03-04 00:14:04,876 [whoscored.py:read_events:688]
[54/306] Retrieving game with id=1834326

INFO 2026-03-04 00:14:16,081 [whoscored.py:read_events:688]
[55/306] Retrieving game with id=1834277

INFO 2026-03-04 00:14:31,518 [whoscored.py:read_events:688]
[56/306] Retrieving game with id=1834271

INFO 2026-03-04 00:14:43,485 [whoscored.py:read_events:688]
[57/306] Retrieving game with id=1834274

INFO 2026-03-04 00:14:57,647 [whoscored.py:read_events:688]
[58/306] Retrieving game with id=1834289

INFO 2026-03-04 00:15:11,152 [whoscored.py:read_events:688]
[59/306] Retrieving game with id=1834283

INFO 2026-03-04 00:15:22,420 [whoscored.py:read_events:688]
[60/306] Retrieving game with id=1834280

INFO 2026-03-04 00:15:37,137 [whoscored.py:read_events:688]
[61/306] Retrieving game with id=1834287

INFO 2026-03-04 00:15:48,601 [whoscored.py:read_events:688]
[62/306] Retrieving game with id=1834291

INFO 2026-03-04 00:15:59,905 [whoscored.py:read_events:688]
[63/306] Retrieving game with id=1834285

INFO 2026-03-04 00:16:15,308 [whoscored.py:read_events:688]
[64/306] Retrieving game with id=1834303

INFO 2026-03-04 00:16:27,030 [whoscored.py:read_events:688]
[65/306] Retrieving game with id=1834301

INFO 2026-03-04 00:16:40,422 [whoscored.py:read_events:688]
[66/306] Retrieving game with id=1834295

INFO 2026-03-04 00:16:54,704 [whoscored.py:read_events:688]
[67/306] Retrieving game with id=1834309

INFO 2026-03-04 00:17:06,140 [whoscored.py:read_events:688]
[68/306] Retrieving game with id=1834293

INFO 2026-03-04 00:17:19,284 [whoscored.py:read_events:688]
[69/306] Retrieving game with id=1834299

INFO 2026-03-04 00:17:32,069 [whoscored.py:read_events:688]
[70/306] Retrieving game with id=1834307

INFO 2026-03-04 00:17:45,493 [whoscored.py:read_events:688]
[71/306] Retrieving game with id=1834297

INFO 2026-03-04 00:17:57,848 [whoscored.py:read_events:688]
[72/306] Retrieving game with id=1834305

INFO 2026-03-04 00:18:08,964 [whoscored.py:read_events:688]
[73/306] Retrieving game with id=1834311

INFO 2026-03-04 00:18:22,105 [whoscored.py:read_events:688]
[74/306] Retrieving game with id=1834313

INFO 2026-03-04 00:18:33,327 [whoscored.py:read_events:688]
[75/306] Retrieving game with id=1834315

INFO 2026-03-04 00:18:45,272 [whoscored.py:read_events:688]
[76/306] Retrieving game with id=1834317

INFO 2026-03-04 00:19:00,701 [whoscored.py:read_events:688]
[77/306] Retrieving game with id=1834319

INFO 2026-03-04 00:19:11,851 [whoscored.py:read_events:688]
[78/306] Retrieving game with id=1834327

INFO 2026-03-04 00:19:27,350 [whoscored.py:read_events:688]
[79/306] Retrieving game with id=1834323

INFO 2026-03-04 00:19:38,894 [whoscored.py:read_events:688]
[80/306] Retrieving game with id=1834325

INFO 2026-03-04 00:19:51,332 [whoscored.py:read_events:688]
[81/306] Retrieving game with id=1834321

INFO 2026-03-04 00:20:03,315 [whoscored.py:read_events:688]
[82/306] Retrieving game with id=1834334

INFO 2026-03-04 00:20:15,821 [whoscored.py:read_events:688]
[83/306] Retrieving game with id=1834335

INFO 2026-03-04 00:20:28,420 [whoscored.py:read_events:688]
[84/306] Retrieving game with id=1834333

INFO 2026-03-04 00:20:43,120 [whoscored.py:read_events:688]
[85/306] Retrieving game with id=1834329

INFO 2026-03-04 00:20:55,021 [whoscored.py:read_events:688]
[86/306] Retrieving game with id=1834336

INFO 2026-03-04 00:21:08,023 [whoscored.py:read_events:688]
[87/306] Retrieving game with id=1834331

INFO 2026-03-04 00:21:22,966 [whoscored.py:read_events:688]
[88/306] Retrieving game with id=1834332

INFO 2026-03-04 00:21:35,916 [whoscored.py:read_events:688]
[89/306] Retrieving game with id=1834330

INFO 2026-03-04 00:21:49,883 [whoscored.py:read_events:688]
[90/306] Retrieving game with id=1834328

INFO 2026-03-04 00:22:02,324 [whoscored.py:read_events:688]
[91/306] Retrieving game with id=1834339

INFO 2026-03-04 00:22:14,303 [whoscored.py:read_events:688]
[92/306] Retrieving game with id=1834337

INFO 2026-03-04 00:22:25,894 [whoscored.py:read_events:688]
[93/306] Retrieving game with id=1834340

INFO 2026-03-04 00:22:40,536 [whoscored.py:read_events:688]
[94/306] Retrieving game with id=1834341

INFO 2026-03-04 00:22:55,067 [whoscored.py:read_events:688]
[95/306] Retrieving game with id=1834342

INFO 2026-03-04 00:23:08,438 [whoscored.py:read_events:688]
[96/306] Retrieving game with id=1834338

INFO 2026-03-04 00:23:24,038 [whoscored.py:read_events:688]
[97/306] Retrieving game with id=1834343

INFO 2026-03-04 00:23:37,417 [whoscored.py:read_events:688]
[98/306] Retrieving game with id=1834344

